  Main.cpp
C:\Users\SterPol\Documents\GitHub\Covid19Cplusplus\covid_master_thesis_c++\Main.cpp(13,29): warning C4305: 'initializing': truncation from 'double' to 'float'
C:\Users\SterPol\Documents\GitHub\Covid19Cplusplus\covid_master_thesis_c++\Main.cpp(14,35): warning C4305: 'initializing': truncation from 'double' to 'float'
C:\Users\SterPol\Documents\GitHub\Covid19Cplusplus\covid_master_thesis_c++\Main.cpp(15,33): warning C4305: 'initializing': truncation from 'double' to 'float'
C:\Users\SterPol\Documents\GitHub\Covid19Cplusplus\covid_master_thesis_c++\Main.cpp(16,31): warning C4305: 'initializing': truncation from 'double' to 'float'
C:\Users\SterPol\Documents\GitHub\Covid19Cplusplus\covid_master_thesis_c++\Main.cpp(17,36): warning C4305: 'initializing': truncation from 'double' to 'float'
C:\Users\SterPol\Documents\GitHub\Covid19Cplusplus\covid_master_thesis_c++\Main.cpp(18,41): warning C4305: 'initializing': truncation from 'double' to 'float'
C:\Users\SterPol\Documents\GitHub\Covid19Cplusplus\covid_master_thesis_c++\Main.cpp(20,32): warning C4305: 'initializing': truncation from 'double' to 'float'
C:\Users\SterPol\Documents\GitHub\Covid19Cplusplus\covid_master_thesis_c++\Main.cpp(21,34): warning C4305: 'initializing': truncation from 'double' to 'float'
C:\Users\SterPol\Documents\GitHub\Covid19Cplusplus\covid_master_thesis_c++\Main.cpp(22,34): warning C4305: 'initializing': truncation from 'double' to 'float'
C:\Users\SterPol\Documents\GitHub\Covid19Cplusplus\covid_master_thesis_c++\Main.cpp(35,12): warning C4244: 'initializing': conversion from 'float' to 'int', possible loss of data
C:\Users\SterPol\Documents\GitHub\Covid19Cplusplus\covid_master_thesis_c++\Main.cpp(36,12): warning C4244: 'initializing': conversion from 'float' to 'int', possible loss of data
C:\Users\SterPol\Documents\GitHub\Covid19Cplusplus\covid_master_thesis_c++\Main.cpp(75,15): warning C4244: 'initializing': conversion from 'double' to 'int', possible loss of data
C:\Users\SterPol\Documents\GitHub\Covid19Cplusplus\covid_master_thesis_c++\Main.cpp(77,16): warning C4305: 'initializing': truncation from 'double' to 'float'
C:\Users\SterPol\Documents\GitHub\Covid19Cplusplus\covid_master_thesis_c++\Main.cpp(78,15): warning C4305: 'initializing': truncation from 'double' to 'float'
C:\Users\SterPol\Documents\GitHub\Covid19Cplusplus\covid_master_thesis_c++\Main.cpp(79,15): warning C4305: 'initializing': truncation from 'double' to 'float'
C:\Users\SterPol\Documents\GitHub\Covid19Cplusplus\covid_master_thesis_c++\Main.cpp(80,14): warning C4305: 'initializing': truncation from 'double' to 'float'
C:\Users\SterPol\Documents\GitHub\Covid19Cplusplus\covid_master_thesis_c++\Main.cpp(91,16): warning C4244: 'initializing': conversion from 'double' to 'int', possible loss of data
C:\Users\SterPol\Documents\GitHub\Covid19Cplusplus\covid_master_thesis_c++\Main.cpp(92,15): warning C4244: 'initializing': conversion from 'double' to 'int', possible loss of data
C:\Users\SterPol\Documents\GitHub\Covid19Cplusplus\covid_master_thesis_c++\Main.cpp(210,22): warning C4244: 'initializing': conversion from '_Rep' to 'unsigned int', possible loss of data
          with
          [
              _Rep=std::chrono::system_clock::rep
          ]
C:\Users\SterPol\Documents\GitHub\Covid19Cplusplus\covid_master_thesis_c++\Main.cpp(298,22): warning C4244: 'initializing': conversion from '_Rep' to 'unsigned int', possible loss of data
          with
          [
              _Rep=std::chrono::system_clock::rep
          ]
C:\Users\SterPol\Documents\GitHub\Covid19Cplusplus\covid_master_thesis_c++\Main.cpp(355,21): warning C4244: 'initializing': conversion from '_Rep' to 'unsigned int', possible loss of data
          with
          [
              _Rep=std::chrono::system_clock::rep
          ]
C:\Users\SterPol\Documents\GitHub\Covid19Cplusplus\covid_master_thesis_c++\Main.cpp(418,22): warning C4244: 'initializing': conversion from '_Rep' to 'unsigned int', possible loss of data
          with
          [
              _Rep=std::chrono::system_clock::rep
          ]
C:\Users\SterPol\Documents\GitHub\Covid19Cplusplus\covid_master_thesis_c++\Main.cpp(608,24): warning C4244: 'initializing': conversion from '_Rep' to 'unsigned int', possible loss of data
          with
          [
              _Rep=std::chrono::system_clock::rep
          ]
C:\Users\SterPol\Documents\GitHub\Covid19Cplusplus\covid_master_thesis_c++\Main.cpp(647,23): warning C4244: 'initializing': conversion from '_Rep' to 'unsigned int', possible loss of data
          with
          [
              _Rep=std::chrono::system_clock::rep
          ]
C:\Users\SterPol\Documents\GitHub\Covid19Cplusplus\covid_master_thesis_c++\Main.cpp(654,24): warning C4244: 'initializing': conversion from '_Rep' to 'unsigned int', possible loss of data
          with
          [
              _Rep=std::chrono::system_clock::rep
          ]
C:\Users\SterPol\Documents\GitHub\Covid19Cplusplus\covid_master_thesis_c++\Main.cpp(665,23): warning C4244: 'initializing': conversion from '_Rep' to 'unsigned int', possible loss of data
          with
          [
              _Rep=std::chrono::system_clock::rep
          ]
C:\Users\SterPol\Documents\GitHub\Covid19Cplusplus\covid_master_thesis_c++\Main.cpp(672,24): warning C4244: 'initializing': conversion from '_Rep' to 'unsigned int', possible loss of data
          with
          [
              _Rep=std::chrono::system_clock::rep
          ]
C:\Users\SterPol\Documents\GitHub\Covid19Cplusplus\covid_master_thesis_c++\Main.cpp(683,23): warning C4244: 'initializing': conversion from '_Rep' to 'unsigned int', possible loss of data
          with
          [
              _Rep=std::chrono::system_clock::rep
          ]
C:\Users\SterPol\Documents\GitHub\Covid19Cplusplus\covid_master_thesis_c++\Main.cpp(690,24): warning C4244: 'initializing': conversion from '_Rep' to 'unsigned int', possible loss of data
          with
          [
              _Rep=std::chrono::system_clock::rep
          ]
C:\Users\SterPol\Documents\GitHub\Covid19Cplusplus\covid_master_thesis_c++\Main.cpp(701,23): warning C4244: 'initializing': conversion from '_Rep' to 'unsigned int', possible loss of data
          with
          [
              _Rep=std::chrono::system_clock::rep
          ]
C:\Users\SterPol\Documents\GitHub\Covid19Cplusplus\covid_master_thesis_c++\Main.cpp(708,24): warning C4244: 'initializing': conversion from '_Rep' to 'unsigned int', possible loss of data
          with
          [
              _Rep=std::chrono::system_clock::rep
          ]
C:\Users\SterPol\Documents\GitHub\Covid19Cplusplus\covid_master_thesis_c++\Main.cpp(719,23): warning C4244: 'initializing': conversion from '_Rep' to 'unsigned int', possible loss of data
          with
          [
              _Rep=std::chrono::system_clock::rep
          ]
C:\Users\SterPol\Documents\GitHub\Covid19Cplusplus\covid_master_thesis_c++\Main.cpp(726,24): warning C4244: 'initializing': conversion from '_Rep' to 'unsigned int', possible loss of data
          with
          [
              _Rep=std::chrono::system_clock::rep
          ]
C:\Users\SterPol\Documents\GitHub\Covid19Cplusplus\covid_master_thesis_c++\Main.cpp(737,23): warning C4244: 'initializing': conversion from '_Rep' to 'unsigned int', possible loss of data
          with
          [
              _Rep=std::chrono::system_clock::rep
          ]
C:\Users\SterPol\Documents\GitHub\Covid19Cplusplus\covid_master_thesis_c++\Main.cpp(744,24): warning C4244: 'initializing': conversion from '_Rep' to 'unsigned int', possible loss of data
          with
          [
              _Rep=std::chrono::system_clock::rep
          ]
C:\Users\SterPol\Documents\GitHub\Covid19Cplusplus\covid_master_thesis_c++\Main.cpp(755,23): warning C4244: 'initializing': conversion from '_Rep' to 'unsigned int', possible loss of data
          with
          [
              _Rep=std::chrono::system_clock::rep
          ]
C:\Users\SterPol\Documents\GitHub\Covid19Cplusplus\covid_master_thesis_c++\Main.cpp(762,24): warning C4244: 'initializing': conversion from '_Rep' to 'unsigned int', possible loss of data
          with
          [
              _Rep=std::chrono::system_clock::rep
          ]
C:\Users\SterPol\Documents\GitHub\Covid19Cplusplus\covid_master_thesis_c++\Main.cpp(773,23): warning C4244: 'initializing': conversion from '_Rep' to 'unsigned int', possible loss of data
          with
          [
              _Rep=std::chrono::system_clock::rep
          ]
C:\Users\SterPol\Documents\GitHub\Covid19Cplusplus\covid_master_thesis_c++\Main.cpp(780,24): warning C4244: 'initializing': conversion from '_Rep' to 'unsigned int', possible loss of data
          with
          [
              _Rep=std::chrono::system_clock::rep
          ]
C:\Users\SterPol\Documents\GitHub\Covid19Cplusplus\covid_master_thesis_c++\Main.cpp(791,23): warning C4244: 'initializing': conversion from '_Rep' to 'unsigned int', possible loss of data
          with
          [
              _Rep=std::chrono::system_clock::rep
          ]
C:\Users\SterPol\Documents\GitHub\Covid19Cplusplus\covid_master_thesis_c++\Main.cpp(798,24): warning C4244: 'initializing': conversion from '_Rep' to 'unsigned int', possible loss of data
          with
          [
              _Rep=std::chrono::system_clock::rep
          ]
C:\Users\SterPol\Documents\GitHub\Covid19Cplusplus\covid_master_thesis_c++\Main.cpp(1604,11): warning C4477: 'printf' : format string '%s' requires an argument of type 'char *', but variadic argument 1 has type 'std::string'
C:\Users\SterPol\Documents\GitHub\Covid19Cplusplus\covid_master_thesis_c++\Main.cpp(1641,20): warning C4244: 'initializing': conversion from '_Rep' to 'unsigned int', possible loss of data
          with
          [
              _Rep=std::chrono::system_clock::rep
          ]
C:\Users\SterPol\Documents\GitHub\Covid19Cplusplus\covid_master_thesis_c++\Main.cpp(2011,64): warning C4244: '=': conversion from 'double' to 'int', possible loss of data
C:\Users\SterPol\Documents\GitHub\Covid19Cplusplus\covid_master_thesis_c++\Main.cpp(2020,64): warning C4244: '=': conversion from 'double' to 'int', possible loss of data
C:\Users\SterPol\Documents\GitHub\Covid19Cplusplus\covid_master_thesis_c++\Main.cpp(2030,64): warning C4244: '=': conversion from 'double' to 'int', possible loss of data
C:\Users\SterPol\Documents\GitHub\Covid19Cplusplus\covid_master_thesis_c++\Main.cpp(2040,64): warning C4244: '=': conversion from 'double' to 'int', possible loss of data
C:\Users\SterPol\Documents\GitHub\Covid19Cplusplus\covid_master_thesis_c++\Main.cpp(2048,64): warning C4244: '=': conversion from 'double' to 'int', possible loss of data
C:\Users\SterPol\Documents\GitHub\Covid19Cplusplus\covid_master_thesis_c++\Main.cpp(2095,64): warning C4244: '=': conversion from 'double' to 'int', possible loss of data
C:\Users\SterPol\Documents\GitHub\Covid19Cplusplus\covid_master_thesis_c++\Main.cpp(2103,64): warning C4244: '=': conversion from 'double' to 'int', possible loss of data
C:\Users\SterPol\Documents\GitHub\Covid19Cplusplus\covid_master_thesis_c++\Main.cpp(2110,64): warning C4244: '=': conversion from 'double' to 'int', possible loss of data
C:\Users\SterPol\Documents\GitHub\Covid19Cplusplus\covid_master_thesis_c++\Main.cpp(2117,64): warning C4244: '=': conversion from 'double' to 'int', possible loss of data
C:\Users\SterPol\Documents\GitHub\Covid19Cplusplus\covid_master_thesis_c++\Main.cpp(2122,64): warning C4244: '=': conversion from 'double' to 'int', possible loss of data
C:\Users\SterPol\Documents\GitHub\Covid19Cplusplus\covid_master_thesis_c++\Main.cpp(2167,57): warning C4244: '=': conversion from 'double' to 'int', possible loss of data
C:\Users\SterPol\Documents\GitHub\Covid19Cplusplus\covid_master_thesis_c++\Main.cpp(2175,57): warning C4244: '=': conversion from 'double' to 'int', possible loss of data
C:\Users\SterPol\Documents\GitHub\Covid19Cplusplus\covid_master_thesis_c++\Main.cpp(2182,57): warning C4244: '=': conversion from 'double' to 'int', possible loss of data
C:\Users\SterPol\Documents\GitHub\Covid19Cplusplus\covid_master_thesis_c++\Main.cpp(2189,57): warning C4244: '=': conversion from 'double' to 'int', possible loss of data
C:\Users\SterPol\Documents\GitHub\Covid19Cplusplus\covid_master_thesis_c++\Main.cpp(2194,57): warning C4244: '=': conversion from 'double' to 'int', possible loss of data
C:\Users\SterPol\Documents\GitHub\Covid19Cplusplus\covid_master_thesis_c++\Main.cpp(2382,19): warning C4244: 'argument': conversion from 'int' to 'const _Ty', possible loss of data
          with
          [
              _Ty=float
          ]
C:\Users\SterPol\Documents\GitHub\Covid19Cplusplus\covid_master_thesis_c++\Main.cpp(2383,19): warning C4244: 'argument': conversion from 'int' to 'const _Ty', possible loss of data
          with
          [
              _Ty=float
          ]
C:\Users\SterPol\Documents\GitHub\Covid19Cplusplus\covid_master_thesis_c++\Main.cpp(2384,19): warning C4244: 'argument': conversion from 'int' to 'const _Ty', possible loss of data
          with
          [
              _Ty=float
          ]
C:\Users\SterPol\Documents\GitHub\Covid19Cplusplus\covid_master_thesis_c++\Main.cpp(2385,19): warning C4244: 'argument': conversion from 'int' to 'const _Ty', possible loss of data
          with
          [
              _Ty=float
          ]
C:\Users\SterPol\Documents\GitHub\Covid19Cplusplus\covid_master_thesis_c++\Main.cpp(2386,20): warning C4244: 'argument': conversion from 'int' to 'const _Ty', possible loss of data
          with
          [
              _Ty=float
          ]
C:\Users\SterPol\Documents\GitHub\Covid19Cplusplus\covid_master_thesis_c++\Main.cpp(2387,20): warning C4244: 'argument': conversion from 'int' to 'const _Ty', possible loss of data
          with
          [
              _Ty=float
          ]
C:\Users\SterPol\Documents\GitHub\Covid19Cplusplus\covid_master_thesis_c++\Main.cpp(2738,20): warning C4244: 'argument': conversion from 'int' to 'const _Ty', possible loss of data
          with
          [
              _Ty=float
          ]
C:\Users\SterPol\Documents\GitHub\Covid19Cplusplus\covid_master_thesis_c++\Main.cpp(2739,20): warning C4244: 'argument': conversion from 'int' to 'const _Ty', possible loss of data
          with
          [
              _Ty=float
          ]
C:\Users\SterPol\Documents\GitHub\Covid19Cplusplus\covid_master_thesis_c++\Main.cpp(2740,20): warning C4244: 'argument': conversion from 'int' to 'const _Ty', possible loss of data
          with
          [
              _Ty=float
          ]
C:\Users\SterPol\Documents\GitHub\Covid19Cplusplus\covid_master_thesis_c++\Main.cpp(2741,20): warning C4244: 'argument': conversion from 'int' to 'const _Ty', possible loss of data
          with
          [
              _Ty=float
          ]
C:\Users\SterPol\Documents\GitHub\Covid19Cplusplus\covid_master_thesis_c++\Main.cpp(2742,21): warning C4244: 'argument': conversion from 'int' to 'const _Ty', possible loss of data
          with
          [
              _Ty=float
          ]
C:\Users\SterPol\Documents\GitHub\Covid19Cplusplus\covid_master_thesis_c++\Main.cpp(2743,21): warning C4244: 'argument': conversion from 'int' to 'const _Ty', possible loss of data
          with
          [
              _Ty=float
          ]
C:\Users\SterPol\Documents\GitHub\Covid19Cplusplus\covid_master_thesis_c++\Main.cpp(1591,9): warning C4101: 'a': unreferenced local variable
C:\Users\SterPol\Documents\GitHub\Covid19Cplusplus\covid_master_thesis_c++\Main.cpp(1592,9): warning C4101: 'b': unreferenced local variable
  Generating code
  4 of 475 functions ( 0.8%) were compiled, the rest were copied from previous compilation.
    2 functions were new in current compilation
    2 functions had inline decision re-evaluated but remain unchanged
  Finished generating code
  covid_master_thesis_c++.vcxproj -> C:\Users\SterPol\Documents\GitHub\Covid19Cplusplus\covid_master_thesis_c++\x64\Release\covid_master_thesis_c++.exe
